0 info it worked if it ends with ok
1 verbose cli [ '/usr/local/bin/node', '/usr/local/bin/npm', 'run', 'lint' ]
2 info using npm@3.10.10
3 info using node@v6.11.2
4 verbose run-script [ 'prelint', 'lint', 'postlint' ]
5 info lifecycle lambda-framework@1.0.6~prelint: lambda-framework@1.0.6
6 silly lifecycle lambda-framework@1.0.6~prelint: no script for prelint, continuing
7 info lifecycle lambda-framework@1.0.6~lint: lambda-framework@1.0.6
8 verbose lifecycle lambda-framework@1.0.6~lint: unsafe-perm in lifecycle true
9 verbose lifecycle lambda-framework@1.0.6~lint: PATH: /usr/local/lib/node_modules/npm/bin/node-gyp-bin:/Users/rogelio/NodeJS/lambda_framework/node_modules/.bin:/usr/local/bin:/usr/bin:/bin:/usr/sbin:/sbin
10 verbose lifecycle lambda-framework@1.0.6~lint: CWD: /Users/rogelio/NodeJS/lambda_framework
11 silly lifecycle lambda-framework@1.0.6~lint: Args: [ '-c',
11 silly lifecycle   'tslint --config tslint.json --type-check --project tsconfig.json src/{,**/,**/**/,**/**/**/}*.ts' ]
12 silly lifecycle lambda-framework@1.0.6~lint: Returned: code: 2  signal: null
13 info lifecycle lambda-framework@1.0.6~lint: Failed to exec lint script
14 verbose stack Error: lambda-framework@1.0.6 lint: `tslint --config tslint.json --type-check --project tsconfig.json src/{,**/,**/**/,**/**/**/}*.ts`
14 verbose stack Exit status 2
14 verbose stack     at EventEmitter.<anonymous> (/usr/local/lib/node_modules/npm/lib/utils/lifecycle.js:255:16)
14 verbose stack     at emitTwo (events.js:106:13)
14 verbose stack     at EventEmitter.emit (events.js:191:7)
14 verbose stack     at ChildProcess.<anonymous> (/usr/local/lib/node_modules/npm/lib/utils/spawn.js:40:14)
14 verbose stack     at emitTwo (events.js:106:13)
14 verbose stack     at ChildProcess.emit (events.js:191:7)
14 verbose stack     at maybeClose (internal/child_process.js:891:16)
14 verbose stack     at Process.ChildProcess._handle.onexit (internal/child_process.js:226:5)
15 verbose pkgid lambda-framework@1.0.6
16 verbose cwd /Users/rogelio/NodeJS/lambda_framework
17 error Darwin 16.7.0
18 error argv "/usr/local/bin/node" "/usr/local/bin/npm" "run" "lint"
19 error node v6.11.2
20 error npm  v3.10.10
21 error code ELIFECYCLE
22 error lambda-framework@1.0.6 lint: `tslint --config tslint.json --type-check --project tsconfig.json src/{,**/,**/**/,**/**/**/}*.ts`
22 error Exit status 2
23 error Failed at the lambda-framework@1.0.6 lint script 'tslint --config tslint.json --type-check --project tsconfig.json src/{,**/,**/**/,**/**/**/}*.ts'.
23 error Make sure you have the latest version of node.js and npm installed.
23 error If you do, this is most likely a problem with the lambda-framework package,
23 error not with npm itself.
23 error Tell the author that this fails on your system:
23 error     tslint --config tslint.json --type-check --project tsconfig.json src/{,**/,**/**/,**/**/**/}*.ts
23 error You can get information on how to open an issue for this project with:
23 error     npm bugs lambda-framework
23 error Or if that isn't available, you can get their info via:
23 error     npm owner ls lambda-framework
23 error There is likely additional logging output above.
24 verbose exit [ 1, true ]
